c:\users\yuzhong\documents\courses\odu\msim 641\2017\2017 fall\programming assignments\p2\transportation - base\project\project\release\vc141.pdb
c:\users\yuzhong\documents\courses\odu\msim 641\2017\2017 fall\programming assignments\p2\transportation - base\project\project\release\utility.obj
c:\users\yuzhong\documents\courses\odu\msim 641\2017\2017 fall\programming assignments\p2\transportation - base\project\project\release\trafficlight.obj
c:\users\yuzhong\documents\courses\odu\msim 641\2017\2017 fall\programming assignments\p2\transportation - base\project\project\release\ppmimage.obj
c:\users\yuzhong\documents\courses\odu\msim 641\2017\2017 fall\programming assignments\p2\transportation - base\project\project\release\objmodel.obj
c:\users\yuzhong\documents\courses\odu\msim 641\2017\2017 fall\programming assignments\p2\transportation - base\project\project\release\main.obj
d:\documents\courses\odu\msim 641\2020\fall\programming assignments\p2\transportation - base\project\project\release\vc142.pdb
d:\documents\courses\odu\msim 641\2020\fall\programming assignments\p2\transportation - base\project\project\release\utility.obj
d:\documents\courses\odu\msim 641\2020\fall\programming assignments\p2\transportation - base\project\project\release\trafficlight.obj
d:\documents\courses\odu\msim 641\2020\fall\programming assignments\p2\transportation - base\project\project\release\ppmimage.obj
d:\documents\courses\odu\msim 641\2020\fall\programming assignments\p2\transportation - base\project\project\release\objmodel.obj
c:\users\yuzhong\documents\courses\odu\msim 641\2017\2017 fall\programming assignments\p2\transportation - base\project\project\bin\project.exe
c:\users\yuzhong\documents\courses\odu\msim 641\2017\2017 fall\programming assignments\p2\transportation - base\project\project\bin\project.pdb
c:\users\yuzhong\documents\courses\odu\msim 641\2017\2017 fall\programming assignments\p2\transportation - base\project\project\bin\project.ipdb
c:\users\yuzhong\documents\courses\odu\msim 641\2017\2017 fall\programming assignments\p2\transportation - base\project\project\bin\project.iobj
d:\documents\courses\odu\msim 641\2020\fall\programming assignments\p2\transportation - base\project\project\release\main.obj
d:\documents\courses\odu\msim 641\2020\fall\programming assignments\p2\transportation - base\project\project\release\vc141.pdb
d:\documents\courses\odu\msim 641\2020\fall\programming assignments\p2\transportation - base\project\project\.\bin\project.exe
d:\documents\courses\odu\msim 641\2020\fall\programming assignments\p2\transportation - base\project\project\release\project.tlog\cl.command.1.tlog
d:\documents\courses\odu\msim 641\2020\fall\programming assignments\p2\transportation - base\project\project\release\project.tlog\cl.read.1.tlog
d:\documents\courses\odu\msim 641\2020\fall\programming assignments\p2\transportation - base\project\project\release\project.tlog\cl.write.1.tlog
d:\documents\courses\odu\msim 641\2020\fall\programming assignments\p2\transportation - base\project\project\release\project.tlog\link.command.1.tlog
d:\documents\courses\odu\msim 641\2020\fall\programming assignments\p2\transportation - base\project\project\release\project.tlog\link.read.1.tlog
d:\documents\courses\odu\msim 641\2020\fall\programming assignments\p2\transportation - base\project\project\release\project.tlog\link.write.1.tlog
d:\documents\courses\odu\msim 641\2020\fall\programming assignments\p2\transportation - base\project\project\release\project.tlog\project.write.1u.tlog
